
MC2 : Memory Compiler Software, 2022/02/24, 21:11:02
MC2 : Compiled on Feb  5 2010 at 15:36:52
MC2 : Compiled on Linux 2.4.21-47.EL x86_64 x86_64 (64 bits)
MC2 : Running on Linux 2.6.32-573.el6.x86_64 x86_64
MC2 : Version 2010.02.00.a (c) Interra Systems Inc.


INFO  (MC, 801): Running spice delay calculator for slow process. 
INFO  (MC, 801): Running spice delay calculator for typical process. 
INFO  (MC, 801): Running spice delay calculator for fast process. 
INFO  (MC, 801): Tiling ... 
INFO  (MC, 800): Created directory 'ts1n65lphsa1024x64m4f_210a/LEF' 
INFO  (MC, 800): Writing abstract cell in LEF ... 
INFO  (MC, 801): IP tagging TopCell... 
INFO  (MC, 801): Adding the prefix 'S1AHSF400W40_' to all GDSII cell names except the 
        cell 'TS1N65LPHSA1024X64M4F'. 
INFO  (MC, 800): Created directory 'ts1n65lphsa1024x64m4f_210a/GDSII' 
INFO  (MC, 800): Created directory 'ts1n65lphsa1024x64m4f_210a/SPICE' 
INFO  (MC, 800): Writing SPICE netlist for top cell 'TopCell' ... 
INFO  (MC, 801): Running spice delay calculator for slow process custom corner 1. 
INFO  (MC, 801): Running spice delay calculator for slow process custom corner 2. 
INFO  (MC, 801): Running spice delay calculator for slow process custom corner 3. 
INFO  (MC, 801): Running spice delay calculator for typical process custom corner 4. 
INFO  (MC, 801): Running spice delay calculator for fast process custom corner 5. 
INFO  (MC, 801): Running spice delay calculator for fast process custom corner 6. 
INFO  (MC, 801): Running spice delay calculator for fast process custom corner 7. 
INFO  (MC, 800): Expanding Text DataSheet template from archive to 'ts1n65lphsa1024x64m4f_210a/DATASHEET/ts1n65lphsa1024x64m4f_210a_ss1p08vm40c.ds'
        ... 
INFO  (MC, 800): Created directory 'ts1n65lphsa1024x64m4f_210a/DATASHEET' 
INFO  (MC, 800): Expanding Text DataSheet template from archive to 'ts1n65lphsa1024x64m4f_210a/DATASHEET/ts1n65lphsa1024x64m4f_210a_ss1p08v0c.ds'
        ... 
INFO  (MC, 800): Expanding Text DataSheet template from archive to 'ts1n65lphsa1024x64m4f_210a/DATASHEET/ts1n65lphsa1024x64m4f_210a_ss1p08v125c.ds'
        ... 
INFO  (MC, 800): Expanding Text DataSheet template from archive to 'ts1n65lphsa1024x64m4f_210a/DATASHEET/ts1n65lphsa1024x64m4f_210a_tt1p2v25c.ds'
        ... 
INFO  (MC, 800): Expanding Text DataSheet template from archive to 'ts1n65lphsa1024x64m4f_210a/DATASHEET/ts1n65lphsa1024x64m4f_210a_ff1p32vm40c.ds'
        ... 
INFO  (MC, 800): Expanding Text DataSheet template from archive to 'ts1n65lphsa1024x64m4f_210a/DATASHEET/ts1n65lphsa1024x64m4f_210a_ff1p32v0c.ds'
        ... 
INFO  (MC, 800): Expanding Text DataSheet template from archive to 'ts1n65lphsa1024x64m4f_210a/DATASHEET/ts1n65lphsa1024x64m4f_210a_ff1p32v125c.ds'
        ... 
INFO  (MC, 800): Expanding NLDM template from archive to 'ts1n65lphsa1024x64m4f_210a/NLDM/ts1n65lphsa1024x64m4f_210a_ss1p08vm40c.lib'
        ... 
INFO  (MC, 800): Created directory 'ts1n65lphsa1024x64m4f_210a/NLDM' 
INFO  (MC, 800): Expanding NLDM template from archive to 'ts1n65lphsa1024x64m4f_210a/NLDM/ts1n65lphsa1024x64m4f_210a_ss1p08v0c.lib'
        ... 
INFO  (MC, 800): Expanding NLDM template from archive to 'ts1n65lphsa1024x64m4f_210a/NLDM/ts1n65lphsa1024x64m4f_210a_ss1p08v125c.lib'
        ... 
INFO  (MC, 800): Expanding NLDM template from archive to 'ts1n65lphsa1024x64m4f_210a/NLDM/ts1n65lphsa1024x64m4f_210a_tt1p2v25c.lib'
        ... 
INFO  (MC, 800): Expanding NLDM template from archive to 'ts1n65lphsa1024x64m4f_210a/NLDM/ts1n65lphsa1024x64m4f_210a_ff1p32vm40c.lib'
        ... 
INFO  (MC, 800): Expanding NLDM template from archive to 'ts1n65lphsa1024x64m4f_210a/NLDM/ts1n65lphsa1024x64m4f_210a_ff1p32v0c.lib'
        ... 
INFO  (MC, 800): Expanding NLDM template from archive to 'ts1n65lphsa1024x64m4f_210a/NLDM/ts1n65lphsa1024x64m4f_210a_ff1p32v125c.lib'
        ... 
INFO  (MC, 800): Expanding Verilog template from archive to 'ts1n65lphsa1024x64m4f_210a/VERILOG/ts1n65lphsa1024x64m4f_210a_ss1p08vm40c.v'
        ... 
INFO  (MC, 800): Created directory 'ts1n65lphsa1024x64m4f_210a/VERILOG' 
INFO  (MC, 800): Expanding Verilog template from archive to 'ts1n65lphsa1024x64m4f_210a/VERILOG/ts1n65lphsa1024x64m4f_210a_ss1p08v0c.v'
        ... 
INFO  (MC, 800): Expanding Verilog template from archive to 'ts1n65lphsa1024x64m4f_210a/VERILOG/ts1n65lphsa1024x64m4f_210a_ss1p08v125c.v'
        ... 
INFO  (MC, 800): Expanding Verilog template from archive to 'ts1n65lphsa1024x64m4f_210a/VERILOG/ts1n65lphsa1024x64m4f_210a_tt1p2v25c.v'
        ... 
INFO  (MC, 800): Expanding Verilog template from archive to 'ts1n65lphsa1024x64m4f_210a/VERILOG/ts1n65lphsa1024x64m4f_210a_ff1p32vm40c.v'
        ... 
INFO  (MC, 800): Expanding Verilog template from archive to 'ts1n65lphsa1024x64m4f_210a/VERILOG/ts1n65lphsa1024x64m4f_210a_ff1p32v0c.v'
        ... 
INFO  (MC, 800): Expanding Verilog template from archive to 'ts1n65lphsa1024x64m4f_210a/VERILOG/ts1n65lphsa1024x64m4f_210a_ff1p32v125c.v'
        ... 
INFO  (MC, 800): Expanding Hcell template from archive to 
        'ts1n65lphsa1024x64m4f_210a/SPICE/ts1n65lphsa1024x64m4f_210a.hcell' ... 
        
INFO  (MC, 800): Expanding Antenna LEF template from archive to 
        'ts1n65lphsa1024x64m4f_210a/LEF/ts1n65lphsa1024x64m4f_210a.alef' ... 
INFO  (MC, 800): Expanding Logic Vision MBist Model template from archive to 'ts1n65lphsa1024x64m4f_210a/DFT/MBIST/ts1n65lphsa1024x64m4f_210a_logicv.lib'
        ... 
INFO  (MC, 800): Created directory 'ts1n65lphsa1024x64m4f_210a/DFT/MBIST' 
INFO  (MC, 800): Expanding Tetramax ATPG Scan template from archive to 
        'ts1n65lphsa1024x64m4f_210a/DFT/ATPG/ts1n65lphsa1024x64m4f_210a_tmax.v' 
        ... 
INFO  (MC, 800): Created directory 'ts1n65lphsa1024x64m4f_210a/DFT/ATPG' 
INFO  (MC, 800): Expanding Metor MBist Model template from archive to 'ts1n65lphsa1024x64m4f_210a/DFT/MBIST/ts1n65lphsa1024x64m4f_210a_mentor.lib'
        ... 
INFO  (MC, 800): Expanding FastScan ATPG Scan template from archive to 'ts1n65lphsa1024x64m4f_210a/DFT/ATPG/ts1n65lphsa1024x64m4f_210a_fscan.lib'
        ... 
INFO  (MC, 800): Writing file 'lastrun.cfg' ... 
INFO  (MC, 701): Number of errors : 0, Number of warnings : 0 
INFO  (MC, 701): Normal Termination. 
INFO  (MC, 701): See the log file for details. 
